<?xml version="1.0" encoding="UTF-8"?>
<!-- Generated by org.testng.reporters.JUnitReportReporter -->
<testsuite hostname="pritamde" name="com.selenium.maven.mavenDemo" tests="1" failures="0" timestamp="12 Jul 2016 20:16:08 GMT" time="0.011" errors="0">
  <testcase name="firstTest" time="0.011" classname="com.selenium.maven.mavenDemo"/>
</testsuite> <!-- com.selenium.maven.mavenDemo -->
